<?xml version="1.0" encoding="UTF-8"?>
<!-- Generated by org.testng.reporters.JUnitReportReporter -->
<testsuite hostname="LIN-PG02HH9C" failures="0" tests="5" name="runner.RunnerClass" time="95.946" errors="0" timestamp="2024-04-01T09:59:15 IST" skipped="0">
  <testcase classname="runner.RunnerClass" name="runScenario" time="22.900"/>
  <system-out/>
  <testcase classname="runner.RunnerClass" name="runScenario" time="19.293"/>
  <system-out/>
  <testcase classname="runner.RunnerClass" name="runScenario" time="20.182"/>
  <system-out/>
  <testcase classname="runner.RunnerClass" name="runScenario" time="12.098"/>
  <system-out/>
  <testcase classname="runner.RunnerClass" name="runScenario" time="21.473"/>
  <system-out/>
</testsuite> <!-- runner.RunnerClass -->
