<?xml version="1.0" encoding="UTF-8"?>
<!-- Generated by org.testng.reporters.JUnitReportReporter -->
<testsuite hostname="LIN-PG02HH9C" failures="0" tests="3" name="excelSheet.ExcelSearchBus" time="36.512" errors="0" timestamp="2024-04-02T10:53:21 IST" skipped="0">
  <testcase classname="excelSheet.ExcelSearchBus" name="login" time="12.402"/>
  <system-out/>
  <testcase classname="excelSheet.ExcelSearchBus" name="login" time="12.529"/>
  <system-out/>
  <testcase classname="excelSheet.ExcelSearchBus" name="login" time="11.581"/>
  <system-out/>
</testsuite> <!-- excelSheet.ExcelSearchBus -->
