<?xml version="1.0" encoding="UTF-8"?>
<!-- Generated by org.testng.reporters.JUnitReportReporter -->
<testsuite hostname="LIN-PG02HH9C" failures="0" tests="5" name="runner.RunnerClass" time="113.826" errors="0" timestamp="2024-04-01T11:33:42 IST" skipped="0">
  <testcase classname="runner.RunnerClass" name="runScenario" time="27.951"/>
  <system-out/>
  <testcase classname="runner.RunnerClass" name="runScenario" time="25.765"/>
  <system-out/>
  <testcase classname="runner.RunnerClass" name="runScenario" time="14.966"/>
  <system-out/>
  <testcase classname="runner.RunnerClass" name="runScenario" time="20.680"/>
  <system-out/>
  <testcase classname="runner.RunnerClass" name="runScenario" time="24.464"/>
  <system-out/>
</testsuite> <!-- runner.RunnerClass -->
