<?xml version="1.0" encoding="UTF-8"?>
<!-- Generated by org.testng.reporters.JUnitReportReporter -->
<testsuite hostname="LIN-PG02HH9C" failures="0" tests="5" name="runner.RunnerClass" time="0.140" errors="0" timestamp="2024-04-01T21:54:25 IST" skipped="0">
  <testcase classname="runner.RunnerClass" name="runScenario" time="0.007"/>
  <system-out/>
  <testcase classname="runner.RunnerClass" name="runScenario" time="0.007"/>
  <system-out/>
  <testcase classname="runner.RunnerClass" name="runScenario" time="0.013"/>
  <system-out/>
  <testcase classname="runner.RunnerClass" name="runScenario" time="0.006"/>
  <system-out/>
  <testcase classname="runner.RunnerClass" name="runScenario" time="0.107"/>
  <system-out/>
</testsuite> <!-- runner.RunnerClass -->
