<?xml version="1.0" encoding="UTF-8"?>
<!-- Generated by org.testng.reporters.JUnitReportReporter -->
<testsuite hostname="LIN-PG02HH9C" failures="0" tests="1" name="runner.RunnerClass" time="16.469" errors="1" timestamp="2024-03-28T10:54:01 IST" skipped="0">
  <testcase classname="runner.RunnerClass" name="runScenario" time="16.469">
    <error message="Unresolved compilation problem: 
	The method selectDate(String) is undefined for the type SearchBus
" type="java.lang.Error">
      <![CDATA[java.lang.Error: Unresolved compilation problem: 
The method selectDate(String) is undefined for the type SearchBus

at stepDefinitions.SearchBus.i_want_to_give_the_date(SearchBus.java:98)
at âœ½.I want to give the date(file:///C:/Users/ADASWINI/java2024/RedBus/features/SearchBusRoutes.feature:8)
]]>
    </error>
  </testcase> <!-- runScenario -->
  <system-out/>
</testsuite> <!-- runner.RunnerClass -->
